0 info it worked if it ends with ok
1 verbose cli [ '/usr/local/bin/node',
1 verbose cli   '/usr/local/bin/npm',
1 verbose cli   'run',
1 verbose cli   'dev-start' ]
2 info using npm@3.9.5
3 info using node@v6.2.2
4 verbose run-script [ 'predev-start', 'dev-start', 'postdev-start' ]
5 info lifecycle base_node_project@1.0.0~predev-start: base_node_project@1.0.0
6 silly lifecycle base_node_project@1.0.0~predev-start: no script for predev-start, continuing
7 info lifecycle base_node_project@1.0.0~dev-start: base_node_project@1.0.0
8 verbose lifecycle base_node_project@1.0.0~dev-start: unsafe-perm in lifecycle true
9 verbose lifecycle base_node_project@1.0.0~dev-start: PATH: /usr/local/lib/node_modules/npm/bin/node-gyp-bin:/Users/brent/Sites/node_base/node_modules/.bin:/usr/local/bin:/usr/local/bin:/usr/local/bin:/usr/bin:/bin:/usr/sbin:/sbin:/usr/local/go/bin
10 verbose lifecycle base_node_project@1.0.0~dev-start: CWD: /Users/brent/Sites/node_base
11 silly lifecycle base_node_project@1.0.0~dev-start: Args: [ '-c',
11 silly lifecycle   'NODE_ENV=development node_modules/babel-cli/bin/babel-node.js ./src/index.js' ]
12 silly lifecycle base_node_project@1.0.0~dev-start: Returned: code: 1  signal: null
13 info lifecycle base_node_project@1.0.0~dev-start: Failed to exec dev-start script
14 verbose stack Error: base_node_project@1.0.0 dev-start: `NODE_ENV=development node_modules/babel-cli/bin/babel-node.js ./src/index.js`
14 verbose stack Exit status 1
14 verbose stack     at EventEmitter.<anonymous> (/usr/local/lib/node_modules/npm/lib/utils/lifecycle.js:245:16)
14 verbose stack     at emitTwo (events.js:106:13)
14 verbose stack     at EventEmitter.emit (events.js:191:7)
14 verbose stack     at ChildProcess.<anonymous> (/usr/local/lib/node_modules/npm/lib/utils/spawn.js:24:14)
14 verbose stack     at emitTwo (events.js:106:13)
14 verbose stack     at ChildProcess.emit (events.js:191:7)
14 verbose stack     at maybeClose (internal/child_process.js:852:16)
14 verbose stack     at Process.ChildProcess._handle.onexit (internal/child_process.js:215:5)
15 verbose pkgid base_node_project@1.0.0
16 verbose cwd /Users/brent/Sites/node_base
17 error Darwin 15.6.0
18 error argv "/usr/local/bin/node" "/usr/local/bin/npm" "run" "dev-start"
19 error node v6.2.2
20 error npm  v3.9.5
21 error code ELIFECYCLE
22 error base_node_project@1.0.0 dev-start: `NODE_ENV=development node_modules/babel-cli/bin/babel-node.js ./src/index.js`
22 error Exit status 1
23 error Failed at the base_node_project@1.0.0 dev-start script 'NODE_ENV=development node_modules/babel-cli/bin/babel-node.js ./src/index.js'.
23 error Make sure you have the latest version of node.js and npm installed.
23 error If you do, this is most likely a problem with the base_node_project package,
23 error not with npm itself.
23 error Tell the author that this fails on your system:
23 error     NODE_ENV=development node_modules/babel-cli/bin/babel-node.js ./src/index.js
23 error You can get information on how to open an issue for this project with:
23 error     npm bugs base_node_project
23 error Or if that isn't available, you can get their info via:
23 error     npm owner ls base_node_project
23 error There is likely additional logging output above.
24 verbose exit [ 1, true ]
